0 info it worked if it ends with ok
1 verbose cli [ 'node', '/opt/rh/nodejs010/root/usr/bin/npm', 'install', '-d' ]
2 info using npm@1.2.17
3 info using node@v0.10.5
4 verbose read json /var/lib/openshift/533148bc5004461c360000f7/app-root/runtime/repo/package.json
5 error install Couldn't read dependencies
6 error Failed to parse json
6 error Unexpected string
7 error File: /var/lib/openshift/533148bc5004461c360000f7/app-root/runtime/repo/package.json
8 error Failed to parse package.json data.
8 error package.json must be actual JSON, not just JavaScript.
8 error
8 error This is not a bug in npm.
8 error Tell the package author to fix their package.json file. JSON.parse
9 error System Linux 2.6.32-431.5.1.el6oso.bz844450.x86_64
10 error command "node" "/opt/rh/nodejs010/root/usr/bin/npm" "install" "-d"
11 error cwd /var/lib/openshift/533148bc5004461c360000f7/app-root/runtime/repo
12 error node -v v0.10.5
13 error npm -v 1.2.17
14 error file /var/lib/openshift/533148bc5004461c360000f7/app-root/runtime/repo/package.json
15 error code EJSONPARSE
16 verbose exit [ 1, true ]
